# JRE version: Java(TM) SE Runtime Environment (7.0_80-b05) (build 1.7.0_80-ea-b05)
# Java VM: Java HotSpot(TM) 64-Bit Server VM (24.80-b07 mixed mode windows-amd64 compressed oops)
Heap
 PSYoungGen      total 38400K, used 20863K [0x00000007d5880000, 0x00000007d8300000, 0x0000000800000000)
  eden space 33280K, 50% used [0x00000007d5880000,0x00000007d68f8e40,0x00000007d7900000)
  from space 5120K, 78% used [0x00000007d7900000,0x00000007d7ce7080,0x00000007d7e00000)
  to   space 5120K, 0% used [0x00000007d7e00000,0x00000007d7e00000,0x00000007d8300000)
 ParOldGen       total 86528K, used 16K [0x0000000780a00000, 0x0000000785e80000, 0x00000007d5880000)
  object space 86528K, 0% used [0x0000000780a00000,0x0000000780a04000,0x0000000785e80000)
 PSPermGen       total 21504K, used 10319K [0x000000077b800000, 0x000000077cd00000, 0x0000000780a00000)
  object space 21504K, 47% used [0x000000077b800000,0x000000077c213da0,0x000000077cd00000)
GC Heap History (6 events):
Event: 4.065 GC heap before
{Heap before GC invocations=1 (full 0):
 PSYoungGen      total 38400K, used 33091K [0x00000007d5880000, 0x00000007d8300000, 0x0000000800000000)
  eden space 33280K, 99% used [0x00000007d5880000,0x00000007d78d0eb8,0x00000007d7900000)
  from space 5120K, 0% used [0x00000007d7e00000,0x00000007d7e00000,0x00000007d8300000)
  to   space 5120K, 0% used [0x00000007d7900000,0x00000007d7900000,0x00000007d7e00000)
 ParOldGen       total 86528K, used 0K [0x0000000780a00000, 0x0000000785e80000, 0x00000007d5880000)
  object space 86528K, 0% used [0x0000000780a00000,0x0000000780a00000,0x0000000785e80000)
 PSPermGen       total 21504K, used 10212K [0x000000077b800000, 0x000000077cd00000, 0x0000000780a00000)
  object space 21504K, 47% used [0x000000077b800000,0x000000077c1f9258,0x000000077cd00000)
Event: 4.069 GC heap after
Heap after GC invocations=1 (full 0):
 PSYoungGen      total 38400K, used 4080K [0x00000007d5880000, 0x00000007d8300000, 0x0000000800000000)
  eden space 33280K, 0% used [0x00000007d5880000,0x00000007d5880000,0x00000007d7900000)
  from space 5120K, 79% used [0x00000007d7900000,0x00000007d7cfc218,0x00000007d7e00000)
  to   space 5120K, 0% used [0x00000007d7e00000,0x00000007d7e00000,0x00000007d8300000)
 ParOldGen       total 86528K, used 8K [0x0000000780a00000, 0x0000000785e80000, 0x00000007d5880000)
  object space 86528K, 0% used [0x0000000780a00000,0x0000000780a02000,0x0000000785e80000)
 PSPermGen       total 21504K, used 10212K [0x000000077b800000, 0x000000077cd00000, 0x0000000780a00000)
  object space 21504K, 47% used [0x000000077b800000,0x000000077c1f9258,0x000000077cd00000)
}
Event: 4.466 GC heap before
{Heap before GC invocations=2 (full 0):
 PSYoungGen      total 38400K, used 37360K [0x00000007d5880000, 0x00000007d8300000, 0x0000000800000000)
  eden space 33280K, 100% used [0x00000007d5880000,0x00000007d7900000,0x00000007d7900000)
  from space 5120K, 79% used [0x00000007d7900000,0x00000007d7cfc218,0x00000007d7e00000)
  to   space 5120K, 0% used [0x00000007d7e00000,0x00000007d7e00000,0x00000007d8300000)
 ParOldGen       total 86528K, used 8K [0x0000000780a00000, 0x0000000785e80000, 0x00000007d5880000)
  object space 86528K, 0% used [0x0000000780a00000,0x0000000780a02000,0x0000000785e80000)
 PSPermGen       total 21504K, used 10214K [0x000000077b800000, 0x000000077cd00000, 0x0000000780a00000)
  object space 21504K, 47% used [0x000000077b800000,0x000000077c1f9b80,0x000000077cd00000)
Event: 4.469 GC heap after
Heap after GC invocations=2 (full 0):
 PSYoungGen      total 38400K, used 3996K [0x00000007d5880000, 0x00000007d8300000, 0x0000000800000000)
  eden space 33280K, 0% used [0x00000007d5880000,0x00000007d5880000,0x00000007d7900000)
  from space 5120K, 78% used [0x00000007d7e00000,0x00000007d81e7080,0x00000007d8300000)
  to   space 5120K, 0% used [0x00000007d7900000,0x00000007d7900000,0x00000007d7e00000)
 ParOldGen       total 86528K, used 16K [0x0000000780a00000, 0x0000000785e80000, 0x00000007d5880000)
  object space 86528K, 0% used [0x0000000780a00000,0x0000000780a04000,0x0000000785e80000)
 PSPermGen       total 21504K, used 10214K [0x000000077b800000, 0x000000077cd00000, 0x0000000780a00000)
  object space 21504K, 47% used [0x000000077b800000,0x000000077c1f9b80,0x000000077cd00000)
}
Event: 4.901 GC heap before
{Heap before GC invocations=3 (full 0):
 PSYoungGen      total 38400K, used 37067K [0x00000007d5880000, 0x00000007d8300000, 0x0000000800000000)
  eden space 33280K, 99% used [0x00000007d5880000,0x00000007d78cbbb0,0x00000007d7900000)
  from space 5120K, 78% used [0x00000007d7e00000,0x00000007d81e7080,0x00000007d8300000)
  to   space 5120K, 0% used [0x00000007d7900000,0x00000007d7900000,0x00000007d7e00000)
 ParOldGen       total 86528K, used 16K [0x0000000780a00000, 0x0000000785e80000, 0x00000007d5880000)
  object space 86528K, 0% used [0x0000000780a00000,0x0000000780a04000,0x0000000785e80000)
 PSPermGen       total 21504K, used 10302K [0x000000077b800000, 0x000000077cd00000, 0x0000000780a00000)
  object space 21504K, 47% used [0x000000077b800000,0x000000077c20f808,0x000000077cd00000)
Event: 4.904 GC heap after
Heap after GC invocations=3 (full 0):
 PSYoungGen      total 38400K, used 3996K [0x00000007d5880000, 0x00000007d8300000, 0x0000000800000000)
  eden space 33280K, 0% used [0x00000007d5880000,0x00000007d5880000,0x00000007d7900000)
  from space 5120K, 78% used [0x00000007d7900000,0x00000007d7ce7080,0x00000007d7e00000)
  to   space 5120K, 0% used [0x00000007d7e00000,0x00000007d7e00000,0x00000007d8300000)
 ParOldGen       total 86528K, used 16K [0x0000000780a00000, 0x0000000785e80000, 0x00000007d5880000)
  object space 86528K, 0% used [0x0000000780a00000,0x0000000780a04000,0x0000000785e80000)
 PSPermGen       total 21504K, used 10302K [0x000000077b800000, 0x000000077cd00000, 0x0000000780a00000)
  object space 21504K, 47% used [0x000000077b800000,0x000000077c20f808,0x000000077cd00000)
}

