# JRE version: Java(TM) SE Runtime Environment (7.0_80-b05) (build 1.7.0_80-ea-b05)
# Java VM: Java HotSpot(TM) 64-Bit Server VM (24.80-b07 mixed mode windows-amd64 compressed oops)
Heap
 PSYoungGen      total 24064K, used 11790K [0x00000007d5880000, 0x00000007d7400000, 0x0000000800000000)
  eden space 19968K, 41% used [0x00000007d5880000,0x00000007d60a27f8,0x00000007d6c00000)
  from space 4096K, 84% used [0x00000007d7000000,0x00000007d73610b0,0x00000007d7400000)
  to   space 4096K, 0% used [0x00000007d6c00000,0x00000007d6c00000,0x00000007d7000000)
 ParOldGen       total 86528K, used 9650K [0x0000000780a00000, 0x0000000785e80000, 0x00000007d5880000)
  object space 86528K, 11% used [0x0000000780a00000,0x000000078136c8c0,0x0000000785e80000)
 PSPermGen       total 21504K, used 10990K [0x000000077b800000, 0x000000077cd00000, 0x0000000780a00000)
  object space 21504K, 51% used [0x000000077b800000,0x000000077c2bbb48,0x000000077cd00000)
GC Heap History (10 events):
Event: 170.497 GC heap before
{Heap before GC invocations=294 (full 0):
 PSYoungGen      total 24064K, used 22609K [0x00000007d5880000, 0x00000007d7400000, 0x0000000800000000)
  eden space 19968K, 98% used [0x00000007d5880000,0x00000007d6bc9658,0x00000007d6c00000)
  from space 4096K, 69% used [0x00000007d6c00000,0x00000007d6ecb090,0x00000007d7000000)
  to   space 4096K, 0% used [0x00000007d7000000,0x00000007d7000000,0x00000007d7400000)
 ParOldGen       total 86528K, used 9546K [0x0000000780a00000, 0x0000000785e80000, 0x00000007d5880000)
  object space 86528K, 11% used [0x0000000780a00000,0x00000007813528c0,0x0000000785e80000)
 PSPermGen       total 21504K, used 10983K [0x000000077b800000, 0x000000077cd00000, 0x0000000780a00000)
  object space 21504K, 51% used [0x000000077b800000,0x000000077c2b9c70,0x000000077cd00000)
Event: 170.498 GC heap after
Heap after GC invocations=294 (full 0):
 PSYoungGen      total 24064K, used 3460K [0x00000007d5880000, 0x00000007d7400000, 0x0000000800000000)
  eden space 19968K, 0% used [0x00000007d5880000,0x00000007d5880000,0x00000007d6c00000)
  from space 4096K, 84% used [0x00000007d7000000,0x00000007d73610b0,0x00000007d7400000)
  to   space 4096K, 0% used [0x00000007d6c00000,0x00000007d6c00000,0x00000007d7000000)
 ParOldGen       total 86528K, used 9570K [0x0000000780a00000, 0x0000000785e80000, 0x00000007d5880000)
  object space 86528K, 11% used [0x0000000780a00000,0x00000007813588c0,0x0000000785e80000)
 PSPermGen       total 21504K, used 10983K [0x000000077b800000, 0x000000077cd00000, 0x0000000780a00000)
  object space 21504K, 51% used [0x000000077b800000,0x000000077c2b9c70,0x000000077cd00000)
}
Event: 170.964 GC heap before
{Heap before GC invocations=295 (full 0):
 PSYoungGen      total 24064K, used 23194K [0x00000007d5880000, 0x00000007d7400000, 0x0000000800000000)
  eden space 19968K, 98% used [0x00000007d5880000,0x00000007d6bc57b8,0x00000007d6c00000)
  from space 4096K, 84% used [0x00000007d7000000,0x00000007d73610b0,0x00000007d7400000)
  to   space 4096K, 0% used [0x00000007d6c00000,0x00000007d6c00000,0x00000007d7000000)
 ParOldGen       total 86528K, used 9570K [0x0000000780a00000, 0x0000000785e80000, 0x00000007d5880000)
  object space 86528K, 11% used [0x0000000780a00000,0x00000007813588c0,0x0000000785e80000)
 PSPermGen       total 21504K, used 10983K [0x000000077b800000, 0x000000077cd00000, 0x0000000780a00000)
  object space 21504K, 51% used [0x000000077b800000,0x000000077c2b9c70,0x000000077cd00000)
Event: 170.965 GC heap after
Heap after GC invocations=295 (full 0):
 PSYoungGen      total 24064K, used 3160K [0x00000007d5880000, 0x00000007d7400000, 0x0000000800000000)
  eden space 19968K, 0% used [0x00000007d5880000,0x00000007d5880000,0x00000007d6c00000)
  from space 4096K, 77% used [0x00000007d6c00000,0x00000007d6f160a0,0x00000007d7000000)
  to   space 4096K, 0% used [0x00000007d7000000,0x00000007d7000000,0x00000007d7400000)
 ParOldGen       total 86528K, used 9594K [0x0000000780a00000, 0x0000000785e80000, 0x00000007d5880000)
  object space 86528K, 11% used [0x0000000780a00000,0x000000078135e8c0,0x0000000785e80000)
 PSPermGen       total 21504K, used 10983K [0x000000077b800000, 0x000000077cd00000, 0x0000000780a00000)
  object space 21504K, 51% used [0x000000077b800000,0x000000077c2b9c70,0x000000077cd00000)
}
Event: 171.429 GC heap before
{Heap before GC invocations=296 (full 0):
 PSYoungGen      total 24064K, used 22891K [0x00000007d5880000, 0x00000007d7400000, 0x0000000800000000)
  eden space 19968K, 98% used [0x00000007d5880000,0x00000007d6bc4ea0,0x00000007d6c00000)
  from space 4096K, 77% used [0x00000007d6c00000,0x00000007d6f160a0,0x00000007d7000000)
  to   space 4096K, 0% used [0x00000007d7000000,0x00000007d7000000,0x00000007d7400000)
 ParOldGen       total 86528K, used 9594K [0x0000000780a00000, 0x0000000785e80000, 0x00000007d5880000)
  object space 86528K, 11% used [0x0000000780a00000,0x000000078135e8c0,0x0000000785e80000)
 PSPermGen       total 21504K, used 10983K [0x000000077b800000, 0x000000077cd00000, 0x0000000780a00000)
  object space 21504K, 51% used [0x000000077b800000,0x000000077c2b9d68,0x000000077cd00000)
Event: 171.430 GC heap after
Heap after GC invocations=296 (full 0):
 PSYoungGen      total 24064K, used 3460K [0x00000007d5880000, 0x00000007d7400000, 0x0000000800000000)
  eden space 19968K, 0% used [0x00000007d5880000,0x00000007d5880000,0x00000007d6c00000)
  from space 4096K, 84% used [0x00000007d7000000,0x00000007d73610b0,0x00000007d7400000)
  to   space 4096K, 0% used [0x00000007d6c00000,0x00000007d6c00000,0x00000007d7000000)
 ParOldGen       total 86528K, used 9602K [0x0000000780a00000, 0x0000000785e80000, 0x00000007d5880000)
  object space 86528K, 11% used [0x0000000780a00000,0x00000007813608c0,0x0000000785e80000)
 PSPermGen       total 21504K, used 10983K [0x000000077b800000, 0x000000077cd00000, 0x0000000780a00000)
  object space 21504K, 51% used [0x000000077b800000,0x000000077c2b9d68,0x000000077cd00000)
}
Event: 171.895 GC heap before
{Heap before GC invocations=297 (full 0):
 PSYoungGen      total 24064K, used 23195K [0x00000007d5880000, 0x00000007d7400000, 0x0000000800000000)
  eden space 19968K, 98% used [0x00000007d5880000,0x00000007d6bc5b88,0x00000007d6c00000)
  from space 4096K, 84% used [0x00000007d7000000,0x00000007d73610b0,0x00000007d7400000)
  to   space 4096K, 0% used [0x00000007d6c00000,0x00000007d6c00000,0x00000007d7000000)
 ParOldGen       total 86528K, used 9602K [0x0000000780a00000, 0x0000000785e80000, 0x00000007d5880000)
  object space 86528K, 11% used [0x0000000780a00000,0x00000007813608c0,0x0000000785e80000)
 PSPermGen       total 21504K, used 10983K [0x000000077b800000, 0x000000077cd00000, 0x0000000780a00000)
  object space 21504K, 51% used [0x000000077b800000,0x000000077c2b9e70,0x000000077cd00000)
Event: 171.897 GC heap after
Heap after GC invocations=297 (full 0):
 PSYoungGen      total 24064K, used 3160K [0x00000007d5880000, 0x00000007d7400000, 0x0000000800000000)
  eden space 19968K, 0% used [0x00000007d5880000,0x00000007d5880000,0x00000007d6c00000)
  from space 4096K, 77% used [0x00000007d6c00000,0x00000007d6f160a0,0x00000007d7000000)
  to   space 4096K, 0% used [0x00000007d7000000,0x00000007d7000000,0x00000007d7400000)
 ParOldGen       total 86528K, used 9626K [0x0000000780a00000, 0x0000000785e80000, 0x00000007d5880000)
  object space 86528K, 11% used [0x0000000780a00000,0x00000007813668c0,0x0000000785e80000)
 PSPermGen       total 21504K, used 10983K [0x000000077b800000, 0x000000077cd00000, 0x0000000780a00000)
  object space 21504K, 51% used [0x000000077b800000,0x000000077c2b9e70,0x000000077cd00000)
}
Event: 172.414 GC heap before
{Heap before GC invocations=298 (full 0):
 PSYoungGen      total 24064K, used 22897K [0x00000007d5880000, 0x00000007d7400000, 0x0000000800000000)
  eden space 19968K, 98% used [0x00000007d5880000,0x00000007d6bc6528,0x00000007d6c00000)
  from space 4096K, 77% used [0x00000007d6c00000,0x00000007d6f160a0,0x00000007d7000000)
  to   space 4096K, 0% used [0x00000007d7000000,0x00000007d7000000,0x00000007d7400000)
 ParOldGen       total 86528K, used 9626K [0x0000000780a00000, 0x0000000785e80000, 0x00000007d5880000)
  object space 86528K, 11% used [0x0000000780a00000,0x00000007813668c0,0x0000000785e80000)
 PSPermGen       total 21504K, used 10983K [0x000000077b800000, 0x000000077cd00000, 0x0000000780a00000)
  object space 21504K, 51% used [0x000000077b800000,0x000000077c2b9e70,0x000000077cd00000)
Event: 172.415 GC heap after
Heap after GC invocations=298 (full 0):
 PSYoungGen      total 24064K, used 3460K [0x00000007d5880000, 0x00000007d7400000, 0x0000000800000000)
  eden space 19968K, 0% used [0x00000007d5880000,0x00000007d5880000,0x00000007d6c00000)
  from space 4096K, 84% used [0x00000007d7000000,0x00000007d73610b0,0x00000007d7400000)
  to   space 4096K, 0% used [0x00000007d6c00000,0x00000007d6c00000,0x00000007d7000000)
 ParOldGen       total 86528K, used 9650K [0x0000000780a00000, 0x0000000785e80000, 0x00000007d5880000)
  object space 86528K, 11% used [0x0000000780a00000,0x000000078136c8c0,0x0000000785e80000)
 PSPermGen       total 21504K, used 10983K [0x000000077b800000, 0x000000077cd00000, 0x0000000780a00000)
  object space 21504K, 51% used [0x000000077b800000,0x000000077c2b9e70,0x000000077cd00000)
}

