# JRE version: Java(TM) SE Runtime Environment (7.0_80-b05) (build 1.7.0_80-ea-b05)
# Java VM: Java HotSpot(TM) 64-Bit Server VM (24.80-b07 mixed mode windows-amd64 compressed oops)
Heap
 PSYoungGen      total 392192K, used 260684K [0x00000007d5880000, 0x00000007ee600000, 0x0000000800000000)
  eden space 383488K, 66% used [0x00000007d5880000,0x00000007e50c40e0,0x00000007ecf00000)
  from space 8704K, 74% used [0x00000007ecf00000,0x00000007ed54f090,0x00000007ed780000)
  to   space 8192K, 0% used [0x00000007ede00000,0x00000007ede00000,0x00000007ee600000)
 ParOldGen       total 59392K, used 41565K [0x0000000780a00000, 0x0000000784400000, 0x00000007d5880000)
  object space 59392K, 69% used [0x0000000780a00000,0x0000000783297568,0x0000000784400000)
 PSPermGen       total 23040K, used 10313K [0x000000077b800000, 0x000000077ce80000, 0x0000000780a00000)
  object space 23040K, 44% used [0x000000077b800000,0x000000077c2125b0,0x000000077ce80000)
GC Heap History (10 events):
Event: 122.988 GC heap before
{Heap before GC invocations=213 (full 2):
 PSYoungGen      total 377344K, used 374502K [0x00000007d5880000, 0x00000007ed100000, 0x0000000800000000)
  eden space 369152K, 99% used [0x00000007d5880000,0x00000007ec0c37c8,0x00000007ec100000)
  from space 8192K, 68% used [0x00000007ec900000,0x00000007ece76080,0x00000007ed100000)
  to   space 8192K, 0% used [0x00000007ec100000,0x00000007ec100000,0x00000007ec900000)
 ParOldGen       total 59392K, used 40657K [0x0000000780a00000, 0x0000000784400000, 0x00000007d5880000)
  object space 59392K, 68% used [0x0000000780a00000,0x00000007831b4558,0x0000000784400000)
 PSPermGen       total 23040K, used 10306K [0x000000077b800000, 0x000000077ce80000, 0x0000000780a00000)
  object space 23040K, 44% used [0x000000077b800000,0x000000077c2108d8,0x000000077ce80000)
Event: 122.990 GC heap after
Heap after GC invocations=213 (full 2):
 PSYoungGen      total 377344K, used 7692K [0x00000007d5880000, 0x00000007ed900000, 0x0000000800000000)
  eden space 369152K, 0% used [0x00000007d5880000,0x00000007d5880000,0x00000007ec100000)
  from space 8192K, 93% used [0x00000007ec100000,0x00000007ec8830b0,0x00000007ec900000)
  to   space 8704K, 0% used [0x00000007ed080000,0x00000007ed080000,0x00000007ed900000)
 ParOldGen       total 59392K, used 41557K [0x0000000780a00000, 0x0000000784400000, 0x00000007d5880000)
  object space 59392K, 69% used [0x0000000780a00000,0x0000000783295568,0x0000000784400000)
 PSPermGen       total 23040K, used 10306K [0x000000077b800000, 0x000000077ce80000, 0x0000000780a00000)
  object space 23040K, 44% used [0x000000077b800000,0x000000077c2108d8,0x000000077ce80000)
}
Event: 124.928 GC heap before
{Heap before GC invocations=214 (full 2):
 PSYoungGen      total 377344K, used 376596K [0x00000007d5880000, 0x00000007ed900000, 0x0000000800000000)
  eden space 369152K, 99% used [0x00000007d5880000,0x00000007ec0c2000,0x00000007ec100000)
  from space 8192K, 93% used [0x00000007ec100000,0x00000007ec8830b0,0x00000007ec900000)
  to   space 8704K, 0% used [0x00000007ed080000,0x00000007ed080000,0x00000007ed900000)
 ParOldGen       total 59392K, used 41557K [0x0000000780a00000, 0x0000000784400000, 0x00000007d5880000)
  object space 59392K, 69% used [0x0000000780a00000,0x0000000783295568,0x0000000784400000)
 PSPermGen       total 23040K, used 10306K [0x000000077b800000, 0x000000077ce80000, 0x0000000780a00000)
  object space 23040K, 44% used [0x000000077b800000,0x000000077c2108d8,0x000000077ce80000)
Event: 124.931 GC heap after
Heap after GC invocations=214 (full 2):
 PSYoungGen      total 385024K, used 6492K [0x00000007d5880000, 0x00000007ed900000, 0x0000000800000000)
  eden space 376320K, 0% used [0x00000007d5880000,0x00000007d5880000,0x00000007ec800000)
  from space 8704K, 74% used [0x00000007ed080000,0x00000007ed6d7090,0x00000007ed900000)
  to   space 8704K, 0% used [0x00000007ec800000,0x00000007ec800000,0x00000007ed080000)
 ParOldGen       total 59392K, used 41557K [0x0000000780a00000, 0x0000000784400000, 0x00000007d5880000)
  object space 59392K, 69% used [0x0000000780a00000,0x0000000783295568,0x0000000784400000)
 PSPermGen       total 23040K, used 10306K [0x000000077b800000, 0x000000077ce80000, 0x0000000780a00000)
  object space 23040K, 44% used [0x000000077b800000,0x000000077c2108d8,0x000000077ce80000)
}
Event: 126.923 GC heap before
{Heap before GC invocations=215 (full 2):
 PSYoungGen      total 385024K, used 382000K [0x00000007d5880000, 0x00000007ed900000, 0x0000000800000000)
  eden space 376320K, 99% used [0x00000007d5880000,0x00000007ec734ff0,0x00000007ec800000)
  from space 8704K, 74% used [0x00000007ed080000,0x00000007ed6d7090,0x00000007ed900000)
  to   space 8704K, 0% used [0x00000007ec800000,0x00000007ec800000,0x00000007ed080000)
 ParOldGen       total 59392K, used 41557K [0x0000000780a00000, 0x0000000784400000, 0x00000007d5880000)
  object space 59392K, 69% used [0x0000000780a00000,0x0000000783295568,0x0000000784400000)
 PSPermGen       total 23040K, used 10306K [0x000000077b800000, 0x000000077ce80000, 0x0000000780a00000)
  object space 23040K, 44% used [0x000000077b800000,0x000000077c2108d8,0x000000077ce80000)
Event: 126.925 GC heap after
Heap after GC invocations=215 (full 2):
 PSYoungGen      total 385024K, used 7392K [0x00000007d5880000, 0x00000007ee000000, 0x0000000800000000)
  eden space 376320K, 0% used [0x00000007d5880000,0x00000007d5880000,0x00000007ec800000)
  from space 8704K, 84% used [0x00000007ec800000,0x00000007ecf380a0,0x00000007ed080000)
  to   space 8704K, 0% used [0x00000007ed780000,0x00000007ed780000,0x00000007ee000000)
 ParOldGen       total 59392K, used 41565K [0x0000000780a00000, 0x0000000784400000, 0x00000007d5880000)
  object space 59392K, 69% used [0x0000000780a00000,0x0000000783297568,0x0000000784400000)
 PSPermGen       total 23040K, used 10306K [0x000000077b800000, 0x000000077ce80000, 0x0000000780a00000)
  object space 23040K, 44% used [0x000000077b800000,0x000000077c2108d8,0x000000077ce80000)
}
Event: 128.881 GC heap before
{Heap before GC invocations=216 (full 2):
 PSYoungGen      total 385024K, used 382895K [0x00000007d5880000, 0x00000007ee000000, 0x0000000800000000)
  eden space 376320K, 99% used [0x00000007d5880000,0x00000007ec733ca8,0x00000007ec800000)
  from space 8704K, 84% used [0x00000007ec800000,0x00000007ecf380a0,0x00000007ed080000)
  to   space 8704K, 0% used [0x00000007ed780000,0x00000007ed780000,0x00000007ee000000)
 ParOldGen       total 59392K, used 41565K [0x0000000780a00000, 0x0000000784400000, 0x00000007d5880000)
  object space 59392K, 69% used [0x0000000780a00000,0x0000000783297568,0x0000000784400000)
 PSPermGen       total 23040K, used 10306K [0x000000077b800000, 0x000000077ce80000, 0x0000000780a00000)
  object space 23040K, 44% used [0x000000077b800000,0x000000077c2108d8,0x000000077ce80000)
Event: 128.884 GC heap after
Heap after GC invocations=216 (full 2):
 PSYoungGen      total 392192K, used 6492K [0x00000007d5880000, 0x00000007ee080000, 0x0000000800000000)
  eden space 383488K, 0% used [0x00000007d5880000,0x00000007d5880000,0x00000007ecf00000)
  from space 8704K, 74% used [0x00000007ed780000,0x00000007eddd7090,0x00000007ee000000)
  to   space 8704K, 0% used [0x00000007ecf00000,0x00000007ecf00000,0x00000007ed780000)
 ParOldGen       total 59392K, used 41565K [0x0000000780a00000, 0x0000000784400000, 0x00000007d5880000)
  object space 59392K, 69% used [0x0000000780a00000,0x0000000783297568,0x0000000784400000)
 PSPermGen       total 23040K, used 10306K [0x000000077b800000, 0x000000077ce80000, 0x0000000780a00000)
  object space 23040K, 44% used [0x000000077b800000,0x000000077c2108d8,0x000000077ce80000)
}
Event: 130.910 GC heap before
{Heap before GC invocations=217 (full 2):
 PSYoungGen      total 392192K, used 389213K [0x00000007d5880000, 0x00000007ee080000, 0x0000000800000000)
  eden space 383488K, 99% used [0x00000007d5880000,0x00000007ece40460,0x00000007ecf00000)
  from space 8704K, 74% used [0x00000007ed780000,0x00000007eddd7090,0x00000007ee000000)
  to   space 8704K, 0% used [0x00000007ecf00000,0x00000007ecf00000,0x00000007ed780000)
 ParOldGen       total 59392K, used 41565K [0x0000000780a00000, 0x0000000784400000, 0x00000007d5880000)
  object space 59392K, 69% used [0x0000000780a00000,0x0000000783297568,0x0000000784400000)
 PSPermGen       total 23040K, used 10306K [0x000000077b800000, 0x000000077ce80000, 0x0000000780a00000)
  object space 23040K, 44% used [0x000000077b800000,0x000000077c2108d8,0x000000077ce80000)
Event: 130.912 GC heap after
Heap after GC invocations=217 (full 2):
 PSYoungGen      total 392192K, used 6460K [0x00000007d5880000, 0x00000007ee600000, 0x0000000800000000)
  eden space 383488K, 0% used [0x00000007d5880000,0x00000007d5880000,0x00000007ecf00000)
  from space 8704K, 74% used [0x00000007ecf00000,0x00000007ed54f090,0x00000007ed780000)
  to   space 8192K, 0% used [0x00000007ede00000,0x00000007ede00000,0x00000007ee600000)
 ParOldGen       total 59392K, used 41565K [0x0000000780a00000, 0x0000000784400000, 0x00000007d5880000)
  object space 59392K, 69% used [0x0000000780a00000,0x0000000783297568,0x0000000784400000)
 PSPermGen       total 23040K, used 10306K [0x000000077b800000, 0x000000077ce80000, 0x0000000780a00000)
  object space 23040K, 44% used [0x000000077b800000,0x000000077c2108d8,0x000000077ce80000)
}

