# JRE version: Java(TM) SE Runtime Environment (7.0_80-b05) (build 1.7.0_80-ea-b05)
# Java VM: Java HotSpot(TM) 64-Bit Server VM (24.80-b07 mixed mode windows-amd64 compressed oops)
Heap
 PSYoungGen      total 33792K, used 12464K [0x00000007d5880000, 0x00000007d8480000, 0x0000000800000000)
  eden space 30720K, 31% used [0x00000007d5880000,0x00000007d61e10d0,0x00000007d7680000)
  from space 3072K, 93% used [0x00000007d7700000,0x00000007d79cb090,0x00000007d7a00000)
  to   space 7168K, 0% used [0x00000007d7d80000,0x00000007d7d80000,0x00000007d8480000)
 ParOldGen       total 86528K, used 4689K [0x0000000780a00000, 0x0000000785e80000, 0x00000007d5880000)
  object space 86528K, 5% used [0x0000000780a00000,0x0000000780e94638,0x0000000785e80000)
 PSPermGen       total 21504K, used 10261K [0x000000077b800000, 0x000000077cd00000, 0x0000000780a00000)
  object space 21504K, 47% used [0x000000077b800000,0x000000077c205580,0x000000077cd00000)
GC Heap History (10 events):
Event: 8.471 GC heap before
{Heap before GC invocations=5 (full 0):
 PSYoungGen      total 38400K, used 37496K [0x00000007d5880000, 0x00000007d8300000, 0x0000000800000000)
  eden space 33280K, 99% used [0x00000007d5880000,0x00000007d78f0260,0x00000007d7900000)
  from space 5120K, 83% used [0x00000007d7e00000,0x00000007d822e0a0,0x00000007d8300000)
  to   space 5120K, 0% used [0x00000007d7900000,0x00000007d7900000,0x00000007d7e00000)
 ParOldGen       total 86528K, used 1405K [0x0000000780a00000, 0x0000000785e80000, 0x00000007d5880000)
  object space 86528K, 1% used [0x0000000780a00000,0x0000000780b5f5b8,0x0000000785e80000)
 PSPermGen       total 21504K, used 10237K [0x000000077b800000, 0x000000077cd00000, 0x0000000780a00000)
  object space 21504K, 47% used [0x000000077b800000,0x000000077c1ff5d8,0x000000077cd00000)
Event: 8.476 GC heap after
Heap after GC invocations=5 (full 0):
 PSYoungGen      total 37888K, used 4580K [0x00000007d5880000, 0x00000007d8580000, 0x0000000800000000)
  eden space 32768K, 0% used [0x00000007d5880000,0x00000007d5880000,0x00000007d7880000)
  from space 5120K, 89% used [0x00000007d7900000,0x00000007d7d79090,0x00000007d7e00000)
  to   space 6656K, 0% used [0x00000007d7f00000,0x00000007d7f00000,0x00000007d8580000)
 ParOldGen       total 86528K, used 1405K [0x0000000780a00000, 0x0000000785e80000, 0x00000007d5880000)
  object space 86528K, 1% used [0x0000000780a00000,0x0000000780b5f5b8,0x0000000785e80000)
 PSPermGen       total 21504K, used 10237K [0x000000077b800000, 0x000000077cd00000, 0x0000000780a00000)
  object space 21504K, 47% used [0x000000077b800000,0x000000077c1ff5d8,0x000000077cd00000)
}
Event: 9.271 GC heap before
{Heap before GC invocations=6 (full 0):
 PSYoungGen      total 37888K, used 37307K [0x00000007d5880000, 0x00000007d8580000, 0x0000000800000000)
  eden space 32768K, 99% used [0x00000007d5880000,0x00000007d7875cb8,0x00000007d7880000)
  from space 5120K, 89% used [0x00000007d7900000,0x00000007d7d79090,0x00000007d7e00000)
  to   space 6656K, 0% used [0x00000007d7f00000,0x00000007d7f00000,0x00000007d8580000)
 ParOldGen       total 86528K, used 1405K [0x0000000780a00000, 0x0000000785e80000, 0x00000007d5880000)
  object space 86528K, 1% used [0x0000000780a00000,0x0000000780b5f5b8,0x0000000785e80000)
 PSPermGen       total 21504K, used 10239K [0x000000077b800000, 0x000000077cd00000, 0x0000000780a00000)
  object space 21504K, 47% used [0x000000077b800000,0x000000077c1fff68,0x000000077cd00000)
Event: 9.276 GC heap after
Heap after GC invocations=6 (full 0):
 PSYoungGen      total 38400K, used 4280K [0x00000007d5880000, 0x00000007d8500000, 0x0000000800000000)
  eden space 32256K, 0% used [0x00000007d5880000,0x00000007d5880000,0x00000007d7800000)
  from space 6144K, 69% used [0x00000007d7f00000,0x00000007d832e0a0,0x00000007d8500000)
  to   space 6656K, 0% used [0x00000007d7800000,0x00000007d7800000,0x00000007d7e80000)
 ParOldGen       total 86528K, used 1405K [0x0000000780a00000, 0x0000000785e80000, 0x00000007d5880000)
  object space 86528K, 1% used [0x0000000780a00000,0x0000000780b5f5b8,0x0000000785e80000)
 PSPermGen       total 21504K, used 10239K [0x000000077b800000, 0x000000077cd00000, 0x0000000780a00000)
  object space 21504K, 47% used [0x000000077b800000,0x000000077c1fff68,0x000000077cd00000)
}
Event: 10.009 GC heap before
{Heap before GC invocations=7 (full 0):
 PSYoungGen      total 38400K, used 36327K [0x00000007d5880000, 0x00000007d8500000, 0x0000000800000000)
  eden space 32256K, 99% used [0x00000007d5880000,0x00000007d77cbec0,0x00000007d7800000)
  from space 6144K, 69% used [0x00000007d7f00000,0x00000007d832e0a0,0x00000007d8500000)
  to   space 6656K, 0% used [0x00000007d7800000,0x00000007d7800000,0x00000007d7e80000)
 ParOldGen       total 86528K, used 1405K [0x0000000780a00000, 0x0000000785e80000, 0x00000007d5880000)
  object space 86528K, 1% used [0x0000000780a00000,0x0000000780b5f5b8,0x0000000785e80000)
 PSPermGen       total 21504K, used 10248K [0x000000077b800000, 0x000000077cd00000, 0x0000000780a00000)
  object space 21504K, 47% used [0x000000077b800000,0x000000077c202070,0x000000077cd00000)
Event: 10.012 GC heap after
Heap after GC invocations=7 (full 0):
 PSYoungGen      total 38400K, used 1960K [0x00000007d5880000, 0x00000007d8580000, 0x0000000800000000)
  eden space 31744K, 0% used [0x00000007d5880000,0x00000007d5880000,0x00000007d7780000)
  from space 6656K, 29% used [0x00000007d7800000,0x00000007d79ea060,0x00000007d7e80000)
  to   space 7168K, 0% used [0x00000007d7e80000,0x00000007d7e80000,0x00000007d8580000)
 ParOldGen       total 86528K, used 4657K [0x0000000780a00000, 0x0000000785e80000, 0x00000007d5880000)
  object space 86528K, 5% used [0x0000000780a00000,0x0000000780e8c638,0x0000000785e80000)
 PSPermGen       total 21504K, used 10248K [0x000000077b800000, 0x000000077cd00000, 0x0000000780a00000)
  object space 21504K, 47% used [0x000000077b800000,0x000000077c202070,0x000000077cd00000)
}
Event: 10.807 GC heap before
{Heap before GC invocations=8 (full 0):
 PSYoungGen      total 38400K, used 33612K [0x00000007d5880000, 0x00000007d8580000, 0x0000000800000000)
  eden space 31744K, 99% used [0x00000007d5880000,0x00000007d7769090,0x00000007d7780000)
  from space 6656K, 29% used [0x00000007d7800000,0x00000007d79ea060,0x00000007d7e80000)
  to   space 7168K, 0% used [0x00000007d7e80000,0x00000007d7e80000,0x00000007d8580000)
 ParOldGen       total 86528K, used 4657K [0x0000000780a00000, 0x0000000785e80000, 0x00000007d5880000)
  object space 86528K, 5% used [0x0000000780a00000,0x0000000780e8c638,0x0000000785e80000)
 PSPermGen       total 21504K, used 10250K [0x000000077b800000, 0x000000077cd00000, 0x0000000780a00000)
  object space 21504K, 47% used [0x000000077b800000,0x000000077c202ab8,0x000000077cd00000)
Event: 10.809 GC heap after
Heap after GC invocations=8 (full 0):
 PSYoungGen      total 37888K, used 2828K [0x00000007d5880000, 0x00000007d8500000, 0x0000000800000000)
  eden space 31232K, 0% used [0x00000007d5880000,0x00000007d5880000,0x00000007d7700000)
  from space 6656K, 42% used [0x00000007d7e80000,0x00000007d8143090,0x00000007d8500000)
  to   space 7168K, 0% used [0x00000007d7700000,0x00000007d7700000,0x00000007d7e00000)
 ParOldGen       total 86528K, used 4681K [0x0000000780a00000, 0x0000000785e80000, 0x00000007d5880000)
  object space 86528K, 5% used [0x0000000780a00000,0x0000000780e92638,0x0000000785e80000)
 PSPermGen       total 21504K, used 10250K [0x000000077b800000, 0x000000077cd00000, 0x0000000780a00000)
  object space 21504K, 47% used [0x000000077b800000,0x000000077c202ab8,0x000000077cd00000)
}
Event: 11.547 GC heap before
{Heap before GC invocations=9 (full 0):
 PSYoungGen      total 37888K, used 33816K [0x00000007d5880000, 0x00000007d8500000, 0x0000000800000000)
  eden space 31232K, 99% used [0x00000007d5880000,0x00000007d76c3020,0x00000007d7700000)
  from space 6656K, 42% used [0x00000007d7e80000,0x00000007d8143090,0x00000007d8500000)
  to   space 7168K, 0% used [0x00000007d7700000,0x00000007d7700000,0x00000007d7e00000)
 ParOldGen       total 86528K, used 4681K [0x0000000780a00000, 0x0000000785e80000, 0x00000007d5880000)
  object space 86528K, 5% used [0x0000000780a00000,0x0000000780e92638,0x0000000785e80000)
 PSPermGen       total 21504K, used 10253K [0x000000077b800000, 0x000000077cd00000, 0x0000000780a00000)
  object space 21504K, 47% used [0x000000077b800000,0x000000077c2037a0,0x000000077cd00000)
Event: 11.549 GC heap after
Heap after GC invocations=9 (full 0):
 PSYoungGen      total 33792K, used 2860K [0x00000007d5880000, 0x00000007d8480000, 0x0000000800000000)
  eden space 30720K, 0% used [0x00000007d5880000,0x00000007d5880000,0x00000007d7680000)
  from space 3072K, 93% used [0x00000007d7700000,0x00000007d79cb090,0x00000007d7a00000)
  to   space 7168K, 0% used [0x00000007d7d80000,0x00000007d7d80000,0x00000007d8480000)
 ParOldGen       total 86528K, used 4689K [0x0000000780a00000, 0x0000000785e80000, 0x00000007d5880000)
  object space 86528K, 5% used [0x0000000780a00000,0x0000000780e94638,0x0000000785e80000)
 PSPermGen       total 21504K, used 10253K [0x000000077b800000, 0x000000077cd00000, 0x0000000780a00000)
  object space 21504K, 47% used [0x000000077b800000,0x000000077c2037a0,0x000000077cd00000)
}

