# JRE version: Java(TM) SE Runtime Environment (7.0_80-b05) (build 1.7.0_80-ea-b05)
# Java VM: Java HotSpot(TM) 64-Bit Server VM (24.80-b07 mixed mode windows-amd64 compressed oops)
Heap
 PSYoungGen      total 24576K, used 10886K [0x00000007d5880000, 0x00000007d7400000, 0x0000000800000000)
  eden space 20992K, 36% used [0x00000007d5880000,0x00000007d600b9b8,0x00000007d6d00000)
  from space 3584K, 88% used [0x00000007d7080000,0x00000007d73960a0,0x00000007d7400000)
  to   space 3584K, 0% used [0x00000007d6d00000,0x00000007d6d00000,0x00000007d7080000)
 ParOldGen       total 86528K, used 43808K [0x0000000780a00000, 0x0000000785e80000, 0x00000007d5880000)
  object space 86528K, 50% used [0x0000000780a00000,0x00000007834c8088,0x0000000785e80000)
 PSPermGen       total 21504K, used 10623K [0x000000077b800000, 0x000000077cd00000, 0x0000000780a00000)
  object space 21504K, 49% used [0x000000077b800000,0x000000077c25fe88,0x000000077cd00000)
GC Heap History (10 events):
Event: 77.085 GC heap before
{Heap before GC invocations=248 (full 0):
 PSYoungGen      total 25600K, used 24079K [0x00000007d5880000, 0x00000007d7580000, 0x0000000800000000)
  eden space 21504K, 98% used [0x00000007d5880000,0x00000007d6d38b90,0x00000007d6d80000)
  from space 4096K, 69% used [0x00000007d6d80000,0x00000007d704b090,0x00000007d7180000)
  to   space 4096K, 0% used [0x00000007d7180000,0x00000007d7180000,0x00000007d7580000)
 ParOldGen       total 86528K, used 43672K [0x0000000780a00000, 0x0000000785e80000, 0x00000007d5880000)
  object space 86528K, 50% used [0x0000000780a00000,0x00000007834a6088,0x0000000785e80000)
 PSPermGen       total 21504K, used 10616K [0x000000077b800000, 0x000000077cd00000, 0x0000000780a00000)
  object space 21504K, 49% used [0x000000077b800000,0x000000077c25e1b0,0x000000077cd00000)
Event: 77.086 GC heap after
Heap after GC invocations=248 (full 0):
 PSYoungGen      total 24576K, used 2860K [0x00000007d5880000, 0x00000007d7480000, 0x0000000800000000)
  eden space 21504K, 0% used [0x00000007d5880000,0x00000007d5880000,0x00000007d6d80000)
  from space 3072K, 93% used [0x00000007d7180000,0x00000007d744b090,0x00000007d7480000)
  to   space 3584K, 0% used [0x00000007d6d80000,0x00000007d6d80000,0x00000007d7100000)
 ParOldGen       total 86528K, used 43696K [0x0000000780a00000, 0x0000000785e80000, 0x00000007d5880000)
  object space 86528K, 50% used [0x0000000780a00000,0x00000007834ac088,0x0000000785e80000)
 PSPermGen       total 21504K, used 10616K [0x000000077b800000, 0x000000077cd00000, 0x0000000780a00000)
  object space 21504K, 49% used [0x000000077b800000,0x000000077c25e1b0,0x000000077cd00000)
}
Event: 77.357 GC heap before
{Heap before GC invocations=249 (full 0):
 PSYoungGen      total 24576K, used 24106K [0x00000007d5880000, 0x00000007d7480000, 0x0000000800000000)
  eden space 21504K, 98% used [0x00000007d5880000,0x00000007d6d3f930,0x00000007d6d80000)
  from space 3072K, 93% used [0x00000007d7180000,0x00000007d744b090,0x00000007d7480000)
  to   space 3584K, 0% used [0x00000007d6d80000,0x00000007d6d80000,0x00000007d7100000)
 ParOldGen       total 86528K, used 43696K [0x0000000780a00000, 0x0000000785e80000, 0x00000007d5880000)
  object space 86528K, 50% used [0x0000000780a00000,0x00000007834ac088,0x0000000785e80000)
 PSPermGen       total 21504K, used 10616K [0x000000077b800000, 0x000000077cd00000, 0x0000000780a00000)
  object space 21504K, 49% used [0x000000077b800000,0x000000077c25e1b0,0x000000077cd00000)
Event: 77.359 GC heap after
Heap after GC invocations=249 (full 0):
 PSYoungGen      total 25088K, used 3160K [0x00000007d5880000, 0x00000007d7480000, 0x0000000800000000)
  eden space 21504K, 0% used [0x00000007d5880000,0x00000007d5880000,0x00000007d6d80000)
  from space 3584K, 88% used [0x00000007d6d80000,0x00000007d70960a0,0x00000007d7100000)
  to   space 3584K, 0% used [0x00000007d7100000,0x00000007d7100000,0x00000007d7480000)
 ParOldGen       total 86528K, used 43720K [0x0000000780a00000, 0x0000000785e80000, 0x00000007d5880000)
  object space 86528K, 50% used [0x0000000780a00000,0x00000007834b2088,0x0000000785e80000)
 PSPermGen       total 21504K, used 10616K [0x000000077b800000, 0x000000077cd00000, 0x0000000780a00000)
  object space 21504K, 49% used [0x000000077b800000,0x000000077c25e1b0,0x000000077cd00000)
}
Event: 77.588 GC heap before
{Heap before GC invocations=250 (full 0):
 PSYoungGen      total 25088K, used 24368K [0x00000007d5880000, 0x00000007d7480000, 0x0000000800000000)
  eden space 21504K, 98% used [0x00000007d5880000,0x00000007d6d36288,0x00000007d6d80000)
  from space 3584K, 88% used [0x00000007d6d80000,0x00000007d70960a0,0x00000007d7100000)
  to   space 3584K, 0% used [0x00000007d7100000,0x00000007d7100000,0x00000007d7480000)
 ParOldGen       total 86528K, used 43720K [0x0000000780a00000, 0x0000000785e80000, 0x00000007d5880000)
  object space 86528K, 50% used [0x0000000780a00000,0x00000007834b2088,0x0000000785e80000)
 PSPermGen       total 21504K, used 10616K [0x000000077b800000, 0x000000077cd00000, 0x0000000780a00000)
  object space 21504K, 49% used [0x000000077b800000,0x000000077c25e1b0,0x000000077cd00000)
Event: 77.590 GC heap after
Heap after GC invocations=250 (full 0):
 PSYoungGen      total 24576K, used 2560K [0x00000007d5880000, 0x00000007d7580000, 0x0000000800000000)
  eden space 20992K, 0% used [0x00000007d5880000,0x00000007d5880000,0x00000007d6d00000)
  from space 3584K, 71% used [0x00000007d7100000,0x00000007d7380080,0x00000007d7480000)
  to   space 4096K, 0% used [0x00000007d6d00000,0x00000007d6d00000,0x00000007d7100000)
 ParOldGen       total 86528K, used 43752K [0x0000000780a00000, 0x0000000785e80000, 0x00000007d5880000)
  object space 86528K, 50% used [0x0000000780a00000,0x00000007834ba088,0x0000000785e80000)
 PSPermGen       total 21504K, used 10616K [0x000000077b800000, 0x000000077cd00000, 0x0000000780a00000)
  object space 21504K, 49% used [0x000000077b800000,0x000000077c25e1b0,0x000000077cd00000)
}
Event: 77.857 GC heap before
{Heap before GC invocations=251 (full 0):
 PSYoungGen      total 24576K, used 23485K [0x00000007d5880000, 0x00000007d7580000, 0x0000000800000000)
  eden space 20992K, 99% used [0x00000007d5880000,0x00000007d6cef390,0x00000007d6d00000)
  from space 3584K, 71% used [0x00000007d7100000,0x00000007d7380080,0x00000007d7480000)
  to   space 4096K, 0% used [0x00000007d6d00000,0x00000007d6d00000,0x00000007d7100000)
 ParOldGen       total 86528K, used 43752K [0x0000000780a00000, 0x0000000785e80000, 0x00000007d5880000)
  object space 86528K, 50% used [0x0000000780a00000,0x00000007834ba088,0x0000000785e80000)
 PSPermGen       total 21504K, used 10616K [0x000000077b800000, 0x000000077cd00000, 0x0000000780a00000)
  object space 21504K, 49% used [0x000000077b800000,0x000000077c25e1b0,0x000000077cd00000)
Event: 77.859 GC heap after
Heap after GC invocations=251 (full 0):
 PSYoungGen      total 24064K, used 2860K [0x00000007d5880000, 0x00000007d7400000, 0x0000000800000000)
  eden space 20992K, 0% used [0x00000007d5880000,0x00000007d5880000,0x00000007d6d00000)
  from space 3072K, 93% used [0x00000007d6d00000,0x00000007d6fcb090,0x00000007d7000000)
  to   space 3584K, 0% used [0x00000007d7080000,0x00000007d7080000,0x00000007d7400000)
 ParOldGen       total 86528K, used 43776K [0x0000000780a00000, 0x0000000785e80000, 0x00000007d5880000)
  object space 86528K, 50% used [0x0000000780a00000,0x00000007834c0088,0x0000000785e80000)
 PSPermGen       total 21504K, used 10616K [0x000000077b800000, 0x000000077cd00000, 0x0000000780a00000)
  object space 21504K, 49% used [0x000000077b800000,0x000000077c25e1b0,0x000000077cd00000)
}
Event: 78.125 GC heap before
{Heap before GC invocations=252 (full 0):
 PSYoungGen      total 24064K, used 23768K [0x00000007d5880000, 0x00000007d7400000, 0x0000000800000000)
  eden space 20992K, 99% used [0x00000007d5880000,0x00000007d6ceb218,0x00000007d6d00000)
  from space 3072K, 93% used [0x00000007d6d00000,0x00000007d6fcb090,0x00000007d7000000)
  to   space 3584K, 0% used [0x00000007d7080000,0x00000007d7080000,0x00000007d7400000)
 ParOldGen       total 86528K, used 43776K [0x0000000780a00000, 0x0000000785e80000, 0x00000007d5880000)
  object space 86528K, 50% used [0x0000000780a00000,0x00000007834c0088,0x0000000785e80000)
 PSPermGen       total 21504K, used 10616K [0x000000077b800000, 0x000000077cd00000, 0x0000000780a00000)
  object space 21504K, 49% used [0x000000077b800000,0x000000077c25e1b0,0x000000077cd00000)
Event: 78.127 GC heap after
Heap after GC invocations=252 (full 0):
 PSYoungGen      total 24576K, used 3160K [0x00000007d5880000, 0x00000007d7400000, 0x0000000800000000)
  eden space 20992K, 0% used [0x00000007d5880000,0x00000007d5880000,0x00000007d6d00000)
  from space 3584K, 88% used [0x00000007d7080000,0x00000007d73960a0,0x00000007d7400000)
  to   space 3584K, 0% used [0x00000007d6d00000,0x00000007d6d00000,0x00000007d7080000)
 ParOldGen       total 86528K, used 43808K [0x0000000780a00000, 0x0000000785e80000, 0x00000007d5880000)
  object space 86528K, 50% used [0x0000000780a00000,0x00000007834c8088,0x0000000785e80000)
 PSPermGen       total 21504K, used 10616K [0x000000077b800000, 0x000000077cd00000, 0x0000000780a00000)
  object space 21504K, 49% used [0x000000077b800000,0x000000077c25e1b0,0x000000077cd00000)
}

